2025-09-10 00:11:54 - pipeline - INFO - setup_logging:87 - Pipeline logging initialized
2025-09-10 00:11:55 - pipeline - INFO - setup_logging:87 - Pipeline logging initialized
2025-09-10 00:11:55 - pipeline.test - INFO - test_logging:85 - Test log message
2025-09-10 00:11:55 - pipeline.database - INFO - init_pipeline_tables:128 - Database tables initialized successfully
2025-09-10 00:11:55 - pipeline.database - INFO - init_pipeline_tables:128 - Database tables initialized successfully
2025-09-10 00:11:55 - pipeline.geocoding - INFO - _load_cache:58 - Loaded geocoding cache with 3389 entries
2025-09-10 00:11:55 - pipeline.pipeline - INFO - _init_collectors:70 - Initialized namus collector
2025-09-10 00:11:55 - pipeline.pipeline - INFO - _init_collectors:70 - Initialized ncmec collector
2025-09-10 00:11:55 - pipeline.pipeline - INFO - _init_collectors:70 - Initialized florida_mepic collector
2025-09-10 00:11:55 - pipeline.pipeline - INFO - _init_collectors:70 - Initialized california_doj collector
2025-09-10 00:12:11 - pipeline - INFO - setup_logging:87 - Pipeline logging initialized
2025-09-10 00:12:12 - pipeline - INFO - setup_logging:87 - Pipeline logging initialized
2025-09-10 00:12:12 - pipeline.database - INFO - init_pipeline_tables:128 - Database tables initialized successfully
2025-09-10 00:13:29 - pipeline - INFO - setup_logging:87 - Pipeline logging initialized
2025-09-10 00:13:29 - pipeline - INFO - setup_logging:87 - Pipeline logging initialized
2025-09-10 00:13:29 - pipeline.database - INFO - init_pipeline_tables:128 - Database tables initialized successfully
2025-09-10 00:13:35 - pipeline - INFO - setup_logging:87 - Pipeline logging initialized
2025-09-10 00:13:36 - pipeline - INFO - setup_logging:87 - Pipeline logging initialized
2025-09-10 00:13:36 - pipeline.cli - INFO - test_collectors:130 - Testing data collectors
2025-09-10 00:13:36 - pipeline.database - INFO - init_pipeline_tables:128 - Database tables initialized successfully
2025-09-10 00:13:36 - pipeline.geocoding - INFO - _load_cache:58 - Loaded geocoding cache with 3389 entries
2025-09-10 00:13:36 - pipeline.pipeline - INFO - _init_collectors:70 - Initialized namus collector
2025-09-10 00:13:36 - pipeline.pipeline - INFO - _init_collectors:70 - Initialized ncmec collector
2025-09-10 00:13:36 - pipeline.pipeline - INFO - _init_collectors:70 - Initialized florida_mepic collector
2025-09-10 00:13:36 - pipeline.pipeline - INFO - _init_collectors:70 - Initialized california_doj collector
2025-09-10 00:13:36 - pipeline.namus - INFO - collect_data:60 - Starting NamUs data collection
2025-09-10 00:13:36 - pipeline.namus - WARNING - make_request:52 - Request failed (attempt 1): 404 Client Error: Not Found for url: https://namus.nij.ojp.gov/case/search?tab=missing&subtab=case&status=open
2025-09-10 00:13:41 - pipeline.namus - WARNING - make_request:52 - Request failed (attempt 2): 404 Client Error: Not Found for url: https://namus.nij.ojp.gov/case/search?tab=missing&subtab=case&status=open
2025-09-10 00:13:51 - pipeline.namus - WARNING - make_request:52 - Request failed (attempt 3): 404 Client Error: Not Found for url: https://namus.nij.ojp.gov/case/search?tab=missing&subtab=case&status=open
2025-09-10 00:13:51 - pipeline.namus - ERROR - make_request:56 - All retry attempts failed for https://namus.nij.ojp.gov/case/search
2025-09-10 00:13:51 - pipeline.namus - ERROR - collect_data:97 - NamUs collection failed: 404 Client Error: Not Found for url: https://namus.nij.ojp.gov/case/search?tab=missing&subtab=case&status=open
2025-09-10 00:13:51 - pipeline.florida - INFO - collect_data:27 - Starting Florida MEPIC data collection
2025-09-10 00:13:52 - pipeline.florida - INFO - collect_data:45 - Successfully collected 0 records from Florida MEPIC
2025-09-10 00:14:02 - pipeline - INFO - setup_logging:87 - Pipeline logging initialized
2025-09-10 00:14:02 - pipeline.database - INFO - init_pipeline_tables:128 - Database tables initialized successfully
2025-09-10 00:14:38 - pipeline - INFO - setup_logging:87 - Pipeline logging initialized
2025-09-10 00:14:38 - pipeline - INFO - setup_logging:87 - Pipeline logging initialized
2025-09-10 00:14:38 - pipeline.database - INFO - init_pipeline_tables:128 - Database tables initialized successfully
2025-09-10 00:14:38 - pipeline.geocoding - INFO - _load_cache:58 - Loaded geocoding cache with 3389 entries
2025-09-10 00:14:38 - pipeline.migrate - INFO - migrate_data:31 - Starting data migration (limit: 50)
2025-09-10 00:14:38 - pipeline.migrate - INFO - migrate_data:41 - Found 50 records to migrate
2025-09-10 00:14:38 - pipeline.migrate - INFO - migrate_data:86 - Migration progress: 10/50
2025-09-10 00:14:38 - pipeline.migrate - INFO - migrate_data:86 - Migration progress: 20/50
2025-09-10 00:14:39 - pipeline.migrate - INFO - migrate_data:86 - Migration progress: 30/50
2025-09-10 00:14:39 - pipeline.migrate - INFO - migrate_data:86 - Migration progress: 40/50
2025-09-10 00:14:39 - pipeline.migrate - INFO - migrate_data:86 - Migration progress: 50/50
2025-09-10 00:14:39 - pipeline.migrate - INFO - migrate_data:91 - Migration complete: 50 records migrated, 0 geocoded
2025-09-10 00:14:44 - pipeline - INFO - setup_logging:87 - Pipeline logging initialized
2025-09-10 00:14:45 - pipeline - INFO - setup_logging:87 - Pipeline logging initialized
2025-09-10 00:14:45 - pipeline.database - INFO - init_pipeline_tables:128 - Database tables initialized successfully
2025-09-10 00:14:51 - pipeline - INFO - setup_logging:87 - Pipeline logging initialized
2025-09-10 00:14:52 - pipeline - INFO - setup_logging:87 - Pipeline logging initialized
2025-09-10 00:14:52 - pipeline.cli - INFO - run_geocoding_only:71 - Starting geocoding-only run via CLI
2025-09-10 00:14:52 - pipeline.database - INFO - init_pipeline_tables:128 - Database tables initialized successfully
2025-09-10 00:14:52 - pipeline.geocoding - INFO - _load_cache:58 - Loaded geocoding cache with 3389 entries
2025-09-10 00:14:52 - pipeline.pipeline - INFO - _init_collectors:70 - Initialized namus collector
2025-09-10 00:14:52 - pipeline.pipeline - INFO - _init_collectors:70 - Initialized ncmec collector
2025-09-10 00:14:52 - pipeline.pipeline - INFO - _init_collectors:70 - Initialized florida_mepic collector
2025-09-10 00:14:52 - pipeline.pipeline - INFO - _init_collectors:70 - Initialized california_doj collector
2025-09-10 00:14:52 - pipeline.pipeline - INFO - run_geocoding_only:309 - Starting geocoding-only run (limit: 10)
2025-09-10 00:14:52 - pipeline.pipeline - INFO - run_geocoding_only:315 - Found 0 records needing geocoding
2025-09-10 00:14:52 - pipeline.pipeline - INFO - run_geocoding_only:357 - Geocoding completed: {'operation': 'geocoding_only', 'duration': 0.0014071464538574219, 'processed_records': 0, 'successful_geocodes': 0, 'failed_geocodes': 0, 'success_rate': 0}
2025-09-10 00:15:02 - pipeline - INFO - setup_logging:87 - Pipeline logging initialized
2025-09-10 00:15:02 - pipeline.database - INFO - init_pipeline_tables:128 - Database tables initialized successfully
2025-09-10 00:15:08 - pipeline - INFO - setup_logging:87 - Pipeline logging initialized
2025-09-10 00:15:09 - pipeline - INFO - setup_logging:87 - Pipeline logging initialized
2025-09-10 00:15:09 - pipeline.cli - INFO - run_geocoding_only:71 - Starting geocoding-only run via CLI
2025-09-10 00:15:09 - pipeline.database - INFO - init_pipeline_tables:128 - Database tables initialized successfully
2025-09-10 00:15:09 - pipeline.geocoding - INFO - _load_cache:58 - Loaded geocoding cache with 3389 entries
2025-09-10 00:15:09 - pipeline.pipeline - INFO - _init_collectors:70 - Initialized namus collector
2025-09-10 00:15:09 - pipeline.pipeline - INFO - _init_collectors:70 - Initialized ncmec collector
2025-09-10 00:15:09 - pipeline.pipeline - INFO - _init_collectors:70 - Initialized florida_mepic collector
2025-09-10 00:15:09 - pipeline.pipeline - INFO - _init_collectors:70 - Initialized california_doj collector
2025-09-10 00:15:09 - pipeline.pipeline - INFO - run_geocoding_only:309 - Starting geocoding-only run (limit: 10)
2025-09-10 00:15:09 - pipeline.pipeline - INFO - run_geocoding_only:315 - Found 5 records needing geocoding
2025-09-10 00:15:09 - pipeline.geocoding - DEBUG - _save_cache:70 - Saved geocoding cache with 3390 entries
2025-09-10 00:15:09 - pipeline.geocoding - DEBUG - geocode:203 - Successfully geocoded huntsville, al, usa: 34.729847, -86.5859011
2025-09-10 00:15:09 - pipeline.geocoding - DEBUG - _rate_limit:104 - Rate limiting: sleeping for 0.37s
2025-09-10 00:15:10 - pipeline.geocoding - DEBUG - geocode:203 - Successfully geocoded old town, fl, usa: 29.6013454, -82.9817927
2025-09-10 00:15:10 - pipeline.geocoding - DEBUG - _rate_limit:104 - Rate limiting: sleeping for 0.17s
2025-09-10 00:15:12 - pipeline.geocoding - DEBUG - geocode:203 - Successfully geocoded bruce, wi, usa: 45.4565049, -91.2735112
2025-09-10 00:15:12 - pipeline.geocoding - DEBUG - geocode:203 - Successfully geocoded deer park, wa, usa: 47.9543679, -117.4768479
2025-09-10 00:15:12 - pipeline.geocoding - DEBUG - _rate_limit:104 - Rate limiting: sleeping for 0.45s
2025-09-10 00:15:13 - pipeline.geocoding - DEBUG - geocode:203 - Successfully geocoded wilmington, nc, usa: 34.2352853, -77.9487284
2025-09-10 00:15:13 - pipeline.pipeline - INFO - run_geocoding_only:357 - Geocoding completed: {'operation': 'geocoding_only', 'duration': 4.712724447250366, 'processed_records': 5, 'successful_geocodes': 5, 'failed_geocodes': 0, 'success_rate': 100.0}
2025-09-10 00:15:18 - pipeline - INFO - setup_logging:87 - Pipeline logging initialized
2025-09-10 00:15:18 - pipeline - INFO - setup_logging:87 - Pipeline logging initialized
2025-09-10 00:15:18 - pipeline.database - INFO - init_pipeline_tables:128 - Database tables initialized successfully
2025-09-10 00:17:22 - pipeline - INFO - setup_logging:87 - Pipeline logging initialized
2025-09-10 00:17:23 - pipeline - INFO - setup_logging:87 - Pipeline logging initialized
2025-09-10 00:17:23 - pipeline.database - INFO - init_pipeline_tables:128 - Database tables initialized successfully
2025-09-10 00:17:23 - pipeline.geocoding - INFO - _load_cache:58 - Loaded geocoding cache with 3390 entries
2025-09-10 00:30:30 - pipeline - INFO - setup_logging:87 - Pipeline logging initialized
2025-09-10 00:30:31 - pipeline - INFO - setup_logging:87 - Pipeline logging initialized
2025-09-10 00:30:31 - pipeline.database - INFO - init_pipeline_tables:128 - Database tables initialized successfully
2025-09-10 00:30:32 - pipeline - INFO - setup_logging:87 - Pipeline logging initialized
2025-09-10 00:30:32 - pipeline - INFO - setup_logging:87 - Pipeline logging initialized
2025-09-10 00:30:32 - pipeline.cli - INFO - test_collectors:130 - Testing data collectors
2025-09-10 00:30:32 - pipeline.database - INFO - init_pipeline_tables:128 - Database tables initialized successfully
2025-09-10 00:30:32 - pipeline.geocoding - INFO - _load_cache:58 - Loaded geocoding cache with 3390 entries
2025-09-10 00:30:32 - pipeline.pipeline - INFO - _init_collectors:70 - Initialized namus collector
2025-09-10 00:30:32 - pipeline.pipeline - INFO - _init_collectors:70 - Initialized ncmec collector
2025-09-10 00:30:32 - pipeline.pipeline - INFO - _init_collectors:70 - Initialized florida_mepic collector
2025-09-10 00:30:32 - pipeline.pipeline - INFO - _init_collectors:70 - Initialized california_doj collector
2025-09-10 00:30:32 - pipeline.namus - INFO - collect_data:60 - Starting NamUs data collection
2025-09-10 00:30:33 - pipeline.namus - WARNING - make_request:52 - Request failed (attempt 1): 404 Client Error: Not Found for url: https://namus.nij.ojp.gov/case/search?tab=missing&subtab=case&status=open
2025-09-10 00:30:38 - pipeline.namus - WARNING - make_request:52 - Request failed (attempt 2): 404 Client Error: Not Found for url: https://namus.nij.ojp.gov/case/search?tab=missing&subtab=case&status=open
2025-09-10 00:30:48 - pipeline.namus - WARNING - make_request:52 - Request failed (attempt 3): 404 Client Error: Not Found for url: https://namus.nij.ojp.gov/case/search?tab=missing&subtab=case&status=open
2025-09-10 00:30:48 - pipeline.namus - ERROR - make_request:56 - All retry attempts failed for https://namus.nij.ojp.gov/case/search
2025-09-10 00:30:48 - pipeline.namus - ERROR - collect_data:97 - NamUs collection failed: 404 Client Error: Not Found for url: https://namus.nij.ojp.gov/case/search?tab=missing&subtab=case&status=open
2025-09-10 00:30:48 - pipeline.florida - INFO - collect_data:27 - Starting Florida MEPIC data collection
2025-09-10 00:30:48 - pipeline.florida - INFO - collect_data:45 - Successfully collected 0 records from Florida MEPIC
